# JRE version: Java(TM) SE Runtime Environment (21.0.2+13) (build 21.0.2+13-LTS-58)
# Java VM: Java HotSpot(TM) 64-Bit Server VM (21.0.2+13-LTS-58, mixed mode, sharing, tiered, compressed oops, compressed class ptrs, g1 gc, windows-amd64)
GC Precious Log:
 CardTable entry size: 512
 Card Set container configuration: InlinePtr #cards 5 size 8 Array Of Cards #cards 12 size 40 Howl #buckets 4 coarsen threshold 1843 Howl Bitmap #cards 512 size 80 coarsen threshold 460 Card regions per heap region 1 cards per card region 2048
 CPUs: 4 total, 4 available
 Memory: 8110M
 Large Page Support: Disabled
 NUMA Support: Disabled
 Compressed Oops: Enabled (32-bit)
 Heap Region Size: 1M
 Heap Min Capacity: 8M
 Heap Initial Capacity: 128M
 Heap Max Capacity: 2028M
 Pre-touch: Disabled
 Parallel Workers: 4
 Concurrent Workers: 1
 Concurrent Refinement Workers: 4
 Periodic GC: Disabled
Heap:
 garbage-first heap   total 73728K, used 53904K [0x0000000081400000, 0x0000000100000000)
  region size 1024K, 7 young (7168K), 1 survivors (1024K)
 Metaspace       used 73610K, committed 74304K, reserved 1114112K
  class space    used 9913K, committed 10240K, reserved 1048576K
GC Heap History (20 events):
Event: 53.148 GC heap before
{Heap before GC invocations=22 (full 0):
 garbage-first heap   total 61440K, used 53594K [0x0000000081400000, 0x0000000100000000)
  region size 1024K, 25 young (25600K), 4 survivors (4096K)
 Metaspace       used 66721K, committed 67392K, reserved 1114112K
  class space    used 9050K, committed 9344K, reserved 1048576K
}
Event: 53.156 GC heap after
{Heap after GC invocations=23 (full 0):
 garbage-first heap   total 61440K, used 32930K [0x0000000081400000, 0x0000000100000000)
  region size 1024K, 1 young (1024K), 1 survivors (1024K)
 Metaspace       used 66721K, committed 67392K, reserved 1114112K
  class space    used 9050K, committed 9344K, reserved 1048576K
}
Event: 169.582 GC heap before
{Heap before GC invocations=24 (full 0):
 garbage-first heap   total 61440K, used 55458K [0x0000000081400000, 0x0000000100000000)
  region size 1024K, 23 young (23552K), 1 survivors (1024K)
 Metaspace       used 66757K, committed 67392K, reserved 1114112K
  class space    used 9050K, committed 9344K, reserved 1048576K
}
Event: 169.585 GC heap after
{Heap after GC invocations=25 (full 0):
 garbage-first heap   total 61440K, used 32855K [0x0000000081400000, 0x0000000100000000)
  region size 1024K, 1 young (1024K), 1 survivors (1024K)
 Metaspace       used 66757K, committed 67392K, reserved 1114112K
  class space    used 9050K, committed 9344K, reserved 1048576K
}
Event: 292.222 GC heap before
{Heap before GC invocations=25 (full 0):
 garbage-first heap   total 61440K, used 56407K [0x0000000081400000, 0x0000000100000000)
  region size 1024K, 24 young (24576K), 1 survivors (1024K)
 Metaspace       used 66800K, committed 67456K, reserved 1114112K
  class space    used 9050K, committed 9344K, reserved 1048576K
}
Event: 292.235 GC heap after
{Heap after GC invocations=26 (full 0):
 garbage-first heap   total 61440K, used 32541K [0x0000000081400000, 0x0000000100000000)
  region size 1024K, 1 young (1024K), 1 survivors (1024K)
 Metaspace       used 66800K, committed 67456K, reserved 1114112K
  class space    used 9050K, committed 9344K, reserved 1048576K
}
Event: 419.670 GC heap before
{Heap before GC invocations=26 (full 0):
 garbage-first heap   total 61440K, used 57117K [0x0000000081400000, 0x0000000100000000)
  region size 1024K, 25 young (25600K), 1 survivors (1024K)
 Metaspace       used 66820K, committed 67520K, reserved 1114112K
  class space    used 9050K, committed 9344K, reserved 1048576K
}
Event: 419.672 GC heap after
{Heap after GC invocations=27 (full 0):
 garbage-first heap   total 61440K, used 32526K [0x0000000081400000, 0x0000000100000000)
  region size 1024K, 1 young (1024K), 1 survivors (1024K)
 Metaspace       used 66820K, committed 67520K, reserved 1114112K
  class space    used 9050K, committed 9344K, reserved 1048576K
}
Event: 547.917 GC heap before
{Heap before GC invocations=28 (full 0):
 garbage-first heap   total 61440K, used 57102K [0x0000000081400000, 0x0000000100000000)
  region size 1024K, 25 young (25600K), 1 survivors (1024K)
 Metaspace       used 66813K, committed 67520K, reserved 1114112K
  class space    used 9048K, committed 9344K, reserved 1048576K
}
Event: 547.927 GC heap after
{Heap after GC invocations=29 (full 0):
 garbage-first heap   total 61440K, used 32518K [0x0000000081400000, 0x0000000100000000)
  region size 1024K, 1 young (1024K), 1 survivors (1024K)
 Metaspace       used 66813K, committed 67520K, reserved 1114112K
  class space    used 9048K, committed 9344K, reserved 1048576K
}
Event: 675.194 GC heap before
{Heap before GC invocations=29 (full 0):
 garbage-first heap   total 61440K, used 57094K [0x0000000081400000, 0x0000000100000000)
  region size 1024K, 25 young (25600K), 1 survivors (1024K)
 Metaspace       used 66822K, committed 67520K, reserved 1114112K
  class space    used 9048K, committed 9344K, reserved 1048576K
}
Event: 675.199 GC heap after
{Heap after GC invocations=30 (full 0):
 garbage-first heap   total 61440K, used 32276K [0x0000000081400000, 0x0000000100000000)
  region size 1024K, 1 young (1024K), 1 survivors (1024K)
 Metaspace       used 66822K, committed 67520K, reserved 1114112K
  class space    used 9048K, committed 9344K, reserved 1048576K
}
Event: 758.191 GC heap before
{Heap before GC invocations=30 (full 0):
 garbage-first heap   total 61440K, used 55828K [0x0000000081400000, 0x0000000100000000)
  region size 1024K, 25 young (25600K), 1 survivors (1024K)
 Metaspace       used 69312K, committed 70080K, reserved 1114112K
  class space    used 9397K, committed 9728K, reserved 1048576K
}
Event: 758.196 GC heap after
{Heap after GC invocations=31 (full 0):
 garbage-first heap   total 61440K, used 32970K [0x0000000081400000, 0x0000000100000000)
  region size 1024K, 2 young (2048K), 2 survivors (2048K)
 Metaspace       used 69312K, committed 70080K, reserved 1114112K
  class space    used 9397K, committed 9728K, reserved 1048576K
}
Event: 760.066 GC heap before
{Heap before GC invocations=32 (full 0):
 garbage-first heap   total 61440K, used 54474K [0x0000000081400000, 0x0000000100000000)
  region size 1024K, 24 young (24576K), 2 survivors (2048K)
 Metaspace       used 73361K, committed 74048K, reserved 1114112K
  class space    used 9906K, committed 10176K, reserved 1048576K
}
Event: 760.073 GC heap after
{Heap after GC invocations=33 (full 0):
 garbage-first heap   total 61440K, used 35878K [0x0000000081400000, 0x0000000100000000)
  region size 1024K, 3 young (3072K), 3 survivors (3072K)
 Metaspace       used 73361K, committed 74048K, reserved 1114112K
  class space    used 9906K, committed 10176K, reserved 1048576K
}
Event: 760.223 GC heap before
{Heap before GC invocations=33 (full 0):
 garbage-first heap   total 61440K, used 57382K [0x0000000081400000, 0x0000000100000000)
  region size 1024K, 21 young (21504K), 3 survivors (3072K)
 Metaspace       used 73459K, committed 74176K, reserved 1114112K
  class space    used 9914K, committed 10240K, reserved 1048576K
}
Event: 760.247 GC heap after
{Heap after GC invocations=34 (full 0):
 garbage-first heap   total 73728K, used 49922K [0x0000000081400000, 0x0000000100000000)
  region size 1024K, 3 young (3072K), 3 survivors (3072K)
 Metaspace       used 73459K, committed 74176K, reserved 1114112K
  class space    used 9914K, committed 10240K, reserved 1048576K
}
Event: 760.427 GC heap before
{Heap before GC invocations=34 (full 0):
 garbage-first heap   total 73728K, used 51970K [0x0000000081400000, 0x0000000100000000)
  region size 1024K, 6 young (6144K), 3 survivors (3072K)
 Metaspace       used 73509K, committed 74240K, reserved 1114112K
  class space    used 9914K, committed 10240K, reserved 1048576K
}
Event: 760.435 GC heap after
{Heap after GC invocations=35 (full 0):
 garbage-first heap   total 73728K, used 51856K [0x0000000081400000, 0x0000000100000000)
  region size 1024K, 1 young (1024K), 1 survivors (1024K)
 Metaspace       used 73509K, committed 74240K, reserved 1114112K
  class space    used 9914K, committed 10240K, reserved 1048576K
}

